1748536366.193718 client started (2346): version 3.5a, socket /private/tmp/tmux-501/default, protocol 8
1748536366.193766 on Darwin 24.5.0 Darwin Kernel Version 24.5.0: Tue Apr 22 19:54:33 PDT 2025; root:xnu-11417.121.6~2/RELEASE_ARM64_T8122
1748536366.193775 using libevent 2.1.12-stable select
1748536366.193933 using utf8proc 2.10.0
1748536366.193941 using ncurses 6.5 20240427
1748536366.193951 flags are 0x18010000
1748536366.193955 socket is /private/tmp/tmux-501/default
1748536366.193963 trying connect
1748536366.193976 connect failed: No such file or directory
1748536366.193986 lock file is /private/tmp/tmux-501/default.lock
1748536366.194049 flock succeeded
1748536366.194054 got lock (6)
1748536366.194058 trying connect
1748536366.194064 connect failed: No such file or directory
1748536366.194282 add peer 0x128048000: 7 (0x0)
1748536366.196649 sending message 111 to peer 0x128048000 (8 bytes)
1748536366.196659 sending message 111 to peer 0x128048000 (8 bytes)
1748536366.196665 sending message 101 to peer 0x128048000 (15 bytes)
1748536366.196670 sending message 109 to peer 0x128048000 (4 bytes)
1748536366.196674 sending message 102 to peer 0x128048000 (13 bytes)
1748536366.196678 sending message 108 to peer 0x128048000 (40 bytes)
1748536366.196681 sending message 112 to peer 0x128048000 (58 bytes)
1748536366.196685 sending message 112 to peer 0x128048000 (5 bytes)
1748536366.196689 sending message 112 to peer 0x128048000 (5 bytes)
1748536366.196694 sending message 112 to peer 0x128048000 (6 bytes)
1748536366.196698 sending message 112 to peer 0x128048000 (6 bytes)
1748536366.196702 sending message 112 to peer 0x128048000 (11 bytes)
1748536366.196706 sending message 112 to peer 0x128048000 (10 bytes)
1748536366.196711 sending message 112 to peer 0x128048000 (13 bytes)
1748536366.196715 sending message 112 to peer 0x128048000 (14 bytes)
1748536366.196719 sending message 112 to peer 0x128048000 (19 bytes)
1748536366.196724 sending message 112 to peer 0x128048000 (11 bytes)
1748536366.196728 sending message 112 to peer 0x128048000 (10 bytes)
1748536366.196732 sending message 112 to peer 0x128048000 (15 bytes)
1748536366.196736 sending message 112 to peer 0x128048000 (21 bytes)
1748536366.196740 sending message 112 to peer 0x128048000 (13 bytes)
1748536366.196744 sending message 112 to peer 0x128048000 (7 bytes)
1748536366.196748 sending message 112 to peer 0x128048000 (13 bytes)
1748536366.196753 sending message 112 to peer 0x128048000 (7 bytes)
1748536366.196757 sending message 112 to peer 0x128048000 (13 bytes)
1748536366.196762 sending message 112 to peer 0x128048000 (9 bytes)
1748536366.196769 sending message 112 to peer 0x128048000 (21 bytes)
1748536366.196774 sending message 112 to peer 0x128048000 (13 bytes)
1748536366.196778 sending message 112 to peer 0x128048000 (9 bytes)
1748536366.196782 sending message 112 to peer 0x128048000 (16 bytes)
1748536366.196786 sending message 112 to peer 0x128048000 (13 bytes)
1748536366.196790 sending message 112 to peer 0x128048000 (9 bytes)
1748536366.196795 sending message 112 to peer 0x128048000 (9 bytes)
1748536366.196799 sending message 112 to peer 0x128048000 (12 bytes)
1748536366.196803 sending message 112 to peer 0x128048000 (8 bytes)
1748536366.196808 sending message 112 to peer 0x128048000 (8 bytes)
1748536366.196812 sending message 112 to peer 0x128048000 (13 bytes)
1748536366.196816 sending message 112 to peer 0x128048000 (7 bytes)
1748536366.196820 sending message 112 to peer 0x128048000 (7 bytes)
1748536366.196824 sending message 112 to peer 0x128048000 (9 bytes)
1748536366.196828 sending message 112 to peer 0x128048000 (9 bytes)
1748536366.196833 sending message 112 to peer 0x128048000 (15 bytes)
1748536366.196837 sending message 112 to peer 0x128048000 (13 bytes)
1748536366.196841 sending message 112 to peer 0x128048000 (12 bytes)
1748536366.196846 sending message 112 to peer 0x128048000 (8 bytes)
1748536366.196850 sending message 112 to peer 0x128048000 (14 bytes)
1748536366.196854 sending message 112 to peer 0x128048000 (11 bytes)
1748536366.196858 sending message 112 to peer 0x128048000 (9 bytes)
1748536366.196875 sending message 112 to peer 0x128048000 (10 bytes)
1748536366.196878 sending message 112 to peer 0x128048000 (10 bytes)
1748536366.196882 sending message 112 to peer 0x128048000 (10 bytes)
1748536366.196885 sending message 112 to peer 0x128048000 (10 bytes)
1748536366.196889 sending message 112 to peer 0x128048000 (11 bytes)
1748536366.196891 sending message 112 to peer 0x128048000 (12 bytes)
1748536366.196895 sending message 112 to peer 0x128048000 (12 bytes)
1748536366.196899 sending message 112 to peer 0x128048000 (12 bytes)
1748536366.196902 sending message 112 to peer 0x128048000 (12 bytes)
1748536366.196905 sending message 112 to peer 0x128048000 (12 bytes)
1748536366.196908 sending message 112 to peer 0x128048000 (11 bytes)
1748536366.196911 sending message 112 to peer 0x128048000 (11 bytes)
1748536366.196915 sending message 112 to peer 0x128048000 (12 bytes)
1748536366.196919 sending message 112 to peer 0x128048000 (12 bytes)
1748536366.196923 sending message 112 to peer 0x128048000 (12 bytes)
1748536366.196926 sending message 112 to peer 0x128048000 (12 bytes)
1748536366.196929 sending message 112 to peer 0x128048000 (12 bytes)
1748536366.196932 sending message 112 to peer 0x128048000 (9 bytes)
1748536366.196936 sending message 112 to peer 0x128048000 (12 bytes)
1748536366.196939 sending message 112 to peer 0x128048000 (13 bytes)
1748536366.196943 sending message 112 to peer 0x128048000 (13 bytes)
1748536366.196946 sending message 112 to peer 0x128048000 (13 bytes)
1748536366.196949 sending message 112 to peer 0x128048000 (13 bytes)
1748536366.196953 sending message 112 to peer 0x128048000 (13 bytes)
1748536366.196956 sending message 112 to peer 0x128048000 (8 bytes)
1748536366.196959 sending message 112 to peer 0x128048000 (11 bytes)
1748536366.196963 sending message 112 to peer 0x128048000 (11 bytes)
1748536366.196966 sending message 112 to peer 0x128048000 (11 bytes)
1748536366.196970 sending message 112 to peer 0x128048000 (12 bytes)
1748536366.196974 sending message 112 to peer 0x128048000 (12 bytes)
1748536366.196977 sending message 112 to peer 0x128048000 (12 bytes)
1748536366.196980 sending message 112 to peer 0x128048000 (12 bytes)
1748536366.196983 sending message 112 to peer 0x128048000 (13 bytes)
1748536366.196987 sending message 112 to peer 0x128048000 (13 bytes)
1748536366.196990 sending message 112 to peer 0x128048000 (13 bytes)
1748536366.196993 sending message 112 to peer 0x128048000 (8 bytes)
1748536366.196996 sending message 112 to peer 0x128048000 (13 bytes)
1748536366.196999 sending message 112 to peer 0x128048000 (13 bytes)
1748536366.197002 sending message 112 to peer 0x128048000 (13 bytes)
1748536366.197005 sending message 112 to peer 0x128048000 (13 bytes)
1748536366.197008 sending message 112 to peer 0x128048000 (13 bytes)
1748536366.197011 sending message 112 to peer 0x128048000 (12 bytes)
1748536366.197014 sending message 112 to peer 0x128048000 (12 bytes)
1748536366.197018 sending message 112 to peer 0x128048000 (12 bytes)
1748536366.197021 sending message 112 to peer 0x128048000 (12 bytes)
1748536366.197024 sending message 112 to peer 0x128048000 (13 bytes)
1748536366.197027 sending message 112 to peer 0x128048000 (8 bytes)
1748536366.197031 sending message 112 to peer 0x128048000 (13 bytes)
1748536366.197034 sending message 112 to peer 0x128048000 (13 bytes)
1748536366.197037 sending message 112 to peer 0x128048000 (13 bytes)
1748536366.197040 sending message 112 to peer 0x128048000 (13 bytes)
1748536366.197043 sending message 112 to peer 0x128048000 (13 bytes)
1748536366.197047 sending message 112 to peer 0x128048000 (13 bytes)
1748536366.197050 sending message 112 to peer 0x128048000 (13 bytes)
1748536366.197053 sending message 112 to peer 0x128048000 (12 bytes)
1748536366.197057 sending message 112 to peer 0x128048000 (12 bytes)
1748536366.197061 sending message 112 to peer 0x128048000 (12 bytes)
1748536366.197064 sending message 112 to peer 0x128048000 (8 bytes)
1748536366.197067 sending message 112 to peer 0x128048000 (12 bytes)
1748536366.197076 sending message 112 to peer 0x128048000 (13 bytes)
1748536366.197080 sending message 112 to peer 0x128048000 (13 bytes)
1748536366.197085 sending message 112 to peer 0x128048000 (13 bytes)
1748536366.197089 sending message 112 to peer 0x128048000 (13 bytes)
1748536366.197092 sending message 112 to peer 0x128048000 (13 bytes)
1748536366.197096 sending message 112 to peer 0x128048000 (13 bytes)
1748536366.197099 sending message 112 to peer 0x128048000 (13 bytes)
1748536366.197102 sending message 112 to peer 0x128048000 (13 bytes)
1748536366.197105 sending message 112 to peer 0x128048000 (12 bytes)
1748536366.197108 sending message 112 to peer 0x128048000 (10 bytes)
1748536366.197112 sending message 112 to peer 0x128048000 (12 bytes)
1748536366.197114 sending message 112 to peer 0x128048000 (12 bytes)
1748536366.197118 sending message 112 to peer 0x128048000 (12 bytes)
1748536366.197121 sending message 112 to peer 0x128048000 (13 bytes)
1748536366.197124 sending message 112 to peer 0x128048000 (13 bytes)
1748536366.197127 sending message 112 to peer 0x128048000 (13 bytes)
1748536366.197130 sending message 112 to peer 0x128048000 (13 bytes)
1748536366.197133 sending message 112 to peer 0x128048000 (13 bytes)
1748536366.197136 sending message 112 to peer 0x128048000 (13 bytes)
1748536366.197139 sending message 112 to peer 0x128048000 (13 bytes)
1748536366.197142 sending message 112 to peer 0x128048000 (10 bytes)
1748536366.197145 sending message 112 to peer 0x128048000 (13 bytes)
1748536366.197149 sending message 112 to peer 0x128048000 (12 bytes)
1748536366.197152 sending message 112 to peer 0x128048000 (12 bytes)
1748536366.197154 sending message 112 to peer 0x128048000 (12 bytes)
1748536366.197157 sending message 112 to peer 0x128048000 (10 bytes)
1748536366.197160 sending message 112 to peer 0x128048000 (10 bytes)
1748536366.197162 sending message 112 to peer 0x128048000 (10 bytes)
1748536366.197165 sending message 112 to peer 0x128048000 (12 bytes)
1748536366.197168 sending message 112 to peer 0x128048000 (13 bytes)
1748536366.197170 sending message 112 to peer 0x128048000 (13 bytes)
1748536366.197174 sending message 112 to peer 0x128048000 (13 bytes)
1748536366.197177 sending message 112 to peer 0x128048000 (13 bytes)
1748536366.197180 sending message 112 to peer 0x128048000 (13 bytes)
1748536366.197183 sending message 112 to peer 0x128048000 (10 bytes)
1748536366.197187 sending message 112 to peer 0x128048000 (11 bytes)
1748536366.197190 sending message 112 to peer 0x128048000 (12 bytes)
1748536366.197193 sending message 112 to peer 0x128048000 (12 bytes)
1748536366.197196 sending message 112 to peer 0x128048000 (12 bytes)
1748536366.197199 sending message 112 to peer 0x128048000 (12 bytes)
1748536366.197203 sending message 112 to peer 0x128048000 (12 bytes)
1748536366.197206 sending message 112 to peer 0x128048000 (11 bytes)
1748536366.197210 sending message 112 to peer 0x128048000 (12 bytes)
1748536366.197212 sending message 112 to peer 0x128048000 (12 bytes)
1748536366.197216 sending message 112 to peer 0x128048000 (13 bytes)
1748536366.197219 sending message 112 to peer 0x128048000 (13 bytes)
1748536366.197223 sending message 112 to peer 0x128048000 (13 bytes)
1748536366.197226 sending message 112 to peer 0x128048000 (13 bytes)
1748536366.197229 sending message 112 to peer 0x128048000 (13 bytes)
1748536366.197232 sending message 112 to peer 0x128048000 (10 bytes)
1748536366.197235 sending message 112 to peer 0x128048000 (9 bytes)
1748536366.197239 sending message 112 to peer 0x128048000 (12 bytes)
1748536366.197242 sending message 112 to peer 0x128048000 (13 bytes)
1748536366.197245 sending message 112 to peer 0x128048000 (13 bytes)
1748536366.197248 sending message 112 to peer 0x128048000 (13 bytes)
1748536366.197252 sending message 112 to peer 0x128048000 (13 bytes)
1748536366.197255 sending message 112 to peer 0x128048000 (13 bytes)
1748536366.197258 sending message 112 to peer 0x128048000 (9 bytes)
1748536366.197261 sending message 112 to peer 0x128048000 (12 bytes)
1748536366.197265 sending message 112 to peer 0x128048000 (13 bytes)
1748536366.197272 sending message 112 to peer 0x128048000 (13 bytes)
1748536366.197275 sending message 112 to peer 0x128048000 (13 bytes)
1748536366.197278 sending message 112 to peer 0x128048000 (13 bytes)
1748536366.197281 sending message 112 to peer 0x128048000 (13 bytes)
1748536366.197284 sending message 112 to peer 0x128048000 (11 bytes)
1748536366.197288 sending message 112 to peer 0x128048000 (12 bytes)
1748536366.197291 sending message 112 to peer 0x128048000 (13 bytes)
1748536366.197294 sending message 112 to peer 0x128048000 (13 bytes)
1748536366.197296 sending message 112 to peer 0x128048000 (13 bytes)
1748536366.197300 sending message 112 to peer 0x128048000 (13 bytes)
1748536366.197303 sending message 112 to peer 0x128048000 (13 bytes)
1748536366.197306 sending message 112 to peer 0x128048000 (11 bytes)
1748536366.197309 sending message 112 to peer 0x128048000 (12 bytes)
1748536366.197312 sending message 112 to peer 0x128048000 (12 bytes)
1748536366.197315 sending message 112 to peer 0x128048000 (12 bytes)
1748536366.197319 sending message 112 to peer 0x128048000 (12 bytes)
1748536366.197322 sending message 112 to peer 0x128048000 (12 bytes)
1748536366.197326 sending message 112 to peer 0x128048000 (21 bytes)
1748536366.197329 sending message 112 to peer 0x128048000 (12 bytes)
1748536366.197331 sending message 112 to peer 0x128048000 (9 bytes)
1748536366.197335 sending message 112 to peer 0x128048000 (6 bytes)
1748536366.197338 sending message 112 to peer 0x128048000 (13 bytes)
1748536366.197341 sending message 112 to peer 0x128048000 (10 bytes)
1748536366.197343 sending message 112 to peer 0x128048000 (24 bytes)
1748536366.197347 sending message 112 to peer 0x128048000 (13 bytes)
1748536366.197350 sending message 112 to peer 0x128048000 (9 bytes)
1748536366.197353 sending message 112 to peer 0x128048000 (70 bytes)
1748536366.197356 sending message 112 to peer 0x128048000 (69 bytes)
1748536366.197360 sending message 112 to peer 0x128048000 (12 bytes)
1748536366.197363 sending message 112 to peer 0x128048000 (10 bytes)
1748536366.197366 sending message 112 to peer 0x128048000 (10 bytes)
1748536366.197369 sending message 112 to peer 0x128048000 (24 bytes)
1748536366.197371 sending message 112 to peer 0x128048000 (13 bytes)
1748536366.197374 sending message 112 to peer 0x128048000 (10 bytes)
1748536366.197378 sending message 112 to peer 0x128048000 (10 bytes)
1748536366.197382 sending message 112 to peer 0x128048000 (10 bytes)
1748536366.197384 sending message 112 to peer 0x128048000 (13 bytes)
1748536366.197387 sending message 112 to peer 0x128048000 (15 bytes)
1748536366.197391 sending message 112 to peer 0x128048000 (5 bytes)
1748536366.197395 sending message 104 to peer 0x128048000 (0 bytes)
1748536366.197398 sending message 110 to peer 0x128048000 (0 bytes)
1748536366.197401 sending message 107 to peer 0x128048000 (4 bytes)
1748536366.197404 sending message 105 to peer 0x128048000 (83 bytes)
1748536366.197407 sending message 105 to peer 0x128048000 (87 bytes)
1748536366.197409 sending message 105 to peer 0x128048000 (31 bytes)
1748536366.197412 sending message 105 to peer 0x128048000 (20 bytes)
1748536366.197414 sending message 105 to peer 0x128048000 (22 bytes)
1748536366.197417 sending message 105 to peer 0x128048000 (24 bytes)
1748536366.197420 sending message 105 to peer 0x128048000 (19 bytes)
1748536366.197424 sending message 105 to peer 0x128048000 (20 bytes)
1748536366.197427 sending message 105 to peer 0x128048000 (481 bytes)
1748536366.197431 sending message 105 to peer 0x128048000 (15 bytes)
1748536366.197434 sending message 105 to peer 0x128048000 (66 bytes)
1748536366.197438 sending message 105 to peer 0x128048000 (20 bytes)
1748536366.197441 sending message 105 to peer 0x128048000 (57 bytes)
1748536366.197444 sending message 105 to peer 0x128048000 (17 bytes)
1748536366.197448 sending message 105 to peer 0x128048000 (20 bytes)
1748536366.197451 sending message 105 to peer 0x128048000 (14 bytes)
1748536366.197454 sending message 105 to peer 0x128048000 (19 bytes)
1748536366.197462 sending message 105 to peer 0x128048000 (35 bytes)
1748536366.197465 sending message 105 to peer 0x128048000 (32 bytes)
1748536366.197469 sending message 105 to peer 0x128048000 (8 bytes)
1748536366.197473 sending message 105 to peer 0x128048000 (44 bytes)
1748536366.197476 sending message 105 to peer 0x128048000 (47 bytes)
1748536366.197480 sending message 105 to peer 0x128048000 (12 bytes)
1748536366.197483 sending message 105 to peer 0x128048000 (22 bytes)
1748536366.197487 sending message 105 to peer 0x128048000 (12 bytes)
1748536366.197489 sending message 105 to peer 0x128048000 (12 bytes)
1748536366.197492 sending message 105 to peer 0x128048000 (16 bytes)
1748536366.197495 sending message 105 to peer 0x128048000 (33 bytes)
1748536366.197499 sending message 105 to peer 0x128048000 (10 bytes)
1748536366.197501 sending message 105 to peer 0x128048000 (26 bytes)
1748536366.197505 sending message 105 to peer 0x128048000 (25 bytes)
1748536366.197508 sending message 106 to peer 0x128048000 (0 bytes)
1748536366.197548 sending message 200 to peer 0x128048000 (4 bytes)
1748536366.197552 client loop enter
1748536366.197563 client_signal: Child exited: 20
1748536366.240532 peer 0x128048000 message 207
1748536366.240537 sending message 208 to peer 0x128048000 (0 bytes)
1748536367.863655 peer 0x128048000 message 203
1748536367.863664 sending message 205 to peer 0x128048000 (0 bytes)
1748536367.863773 peer 0x128048000 message 204
1748536367.863779 client loop exit
